<?xml version="1.0" encoding="UTF-8"?>
<!-- Generated by org.testng.reporters.JUnitXMLReporter -->
<testsuite ignored="0" hostname="LAPTOP-JN10RBCP" failures="0" tests="3" name="Default test" time="70.669" errors="0" timestamp="2024-01-29T16:08:21 IST">
  <testcase classname="practice.DataProvider" name="SalesOrder" time="24.128"/>
  <testcase classname="practice.DataProvider" name="SalesOrder" time="23.611"/>
  <testcase classname="practice.DataProvider" name="SalesOrder" time="22.831"/>
</testsuite> <!-- Default test -->
