<?xml version="1.0" encoding="UTF-8"?>
<!-- Generated by org.testng.reporters.JUnitXMLReporter -->
<testsuite ignored="4" hostname="LAPTOP-JN10RBCP" failures="0" tests="0" time="0.278" errors="0" timestamp="2024-01-24T15:45:22 IST">
  <testcase classname="com.crm.campaign.createcampaignTest" name="modify" time="0.0">
    <ignored/>
  </testcase> <!-- modify -->
  <testcase classname="com.crm.campaign.createcampaignTest" name="createcampaignTest" time="0.0">
    <ignored/>
  </testcase> <!-- createcampaignTest -->
  <testcase classname="com.crm.campaign.create_product_campigonTest" name="create_product_campigonTest" time="0.0">
    <ignored/>
  </testcase> <!-- create_product_campigonTest -->
  <testcase classname="com.crm.organisation.createorganisationTest" name="createorganisationTest" time="0.0">
    <ignored/>
  </testcase> <!-- createorganisationTest -->
</testsuite>
