<?xml version="1.0" encoding="UTF-8"?>
<testng-results ignored="0" total="3" passed="3" failed="0" skipped="0">
  <reporter-output>
  </reporter-output>
  <suite started-at="2024-01-29T16:07:10 IST" name="Default suite" finished-at="2024-01-29T16:08:21 IST" duration-ms="70669">
    <groups>
    </groups>
    <test started-at="2024-01-29T16:07:10 IST" name="Default test" finished-at="2024-01-29T16:08:21 IST" duration-ms="70669">
      <class name="practice.DataProvider">
        <test-method signature="SalesOrder(java.lang.String,java.lang.String,java.lang.String)[pri:0, instance:practice.DataProvider@3e27ba32]" started-at="2024-01-29T16:07:11 IST" name="SalesOrder" data-provider="dataprovider_test" finished-at="2024-01-29T16:07:35 IST" duration-ms="24128" status="PASS">
          <params>
            <param index="0">
              <value>
                <![CDATA[helloo]]>
              </value>
            </param>
            <param index="1">
              <value>
                <![CDATA[civil]]>
              </value>
            </param>
            <param index="2">
              <value>
                <![CDATA[helloo]]>
              </value>
            </param>
          </params>
          <reporter-output>
          </reporter-output>
        </test-method> <!-- SalesOrder -->
        <test-method signature="SalesOrder(java.lang.String,java.lang.String,java.lang.String)[pri:0, instance:practice.DataProvider@3e27ba32]" started-at="2024-01-29T16:07:35 IST" name="SalesOrder" data-provider="dataprovider_test" finished-at="2024-01-29T16:07:58 IST" duration-ms="23611" status="PASS">
          <params>
            <param index="0">
              <value>
                <![CDATA[helloo]]>
              </value>
            </param>
            <param index="1">
              <value>
                <![CDATA[civil]]>
              </value>
            </param>
            <param index="2">
              <value>
                <![CDATA[helloo]]>
              </value>
            </param>
          </params>
          <reporter-output>
          </reporter-output>
        </test-method> <!-- SalesOrder -->
        <test-method signature="SalesOrder(java.lang.String,java.lang.String,java.lang.String)[pri:0, instance:practice.DataProvider@3e27ba32]" started-at="2024-01-29T16:07:58 IST" name="SalesOrder" data-provider="dataprovider_test" finished-at="2024-01-29T16:08:21 IST" duration-ms="22831" status="PASS">
          <params>
            <param index="0">
              <value>
                <![CDATA[helloo]]>
              </value>
            </param>
            <param index="1">
              <value>
                <![CDATA[civil]]>
              </value>
            </param>
            <param index="2">
              <value>
                <![CDATA[helloo]]>
              </value>
            </param>
          </params>
          <reporter-output>
          </reporter-output>
        </test-method> <!-- SalesOrder -->
      </class> <!-- practice.DataProvider -->
    </test> <!-- Default test -->
  </suite> <!-- Default suite -->
</testng-results>
